<?xml version="1.0" encoding="UTF-8"?>
<!-- Generated by org.testng.reporters.JUnitReportReporter -->
<testsuite hostname="MohamedSci" failures="0" tests="1" name="download_upload_images.TeachableMachineImageUploader" time="0.032" errors="0" timestamp="2024-02-11T14:52:54 EET" skipped="0">
  <testcase classname="download_upload_images.TeachableMachineImageUploader" name="TeachableMachineImageUploaderTest" time="0.032"/>
  <system-out/>
</testsuite> <!-- download_upload_images.TeachableMachineImageUploader -->
