<?xml version="1.0" encoding="UTF-8"?>
<!-- Generated by org.testng.reporters.JUnitReportReporter -->
<testsuite hostname="MohamedSci" failures="0" tests="1" name="download_upload_images.CelebrityPhotosScraper" time="0.162" errors="0" timestamp="2024-02-11T15:47:32 EET" skipped="0">
  <testcase classname="download_upload_images.CelebrityPhotosScraper" name="CelebrityPhotosScraperTest" time="0.162"/>
  <system-out/>
</testsuite> <!-- download_upload_images.CelebrityPhotosScraper -->
