<?xml version="1.0" encoding="UTF-8"?>
<!-- Generated by org.testng.reporters.JUnitReportReporter -->
<testsuite hostname="MohamedSci" failures="0" tests="1" name="mostajaab_scrapping.MostajaabMainScrapperTest" time="3.604" errors="0" timestamp="2024-02-24T17:11:58 EET" skipped="0">
  <testcase classname="mostajaab_scrapping.MostajaabMainScrapperTest" name="getDoaaDataTest" time="3.604"/>
  <system-out/>
</testsuite> <!-- mostajaab_scrapping.MostajaabMainScrapperTest -->
