<?xml version="1.0" encoding="UTF-8"?>
<!-- Generated by org.testng.reporters.JUnitReportReporter -->
<testsuite hostname="MohamedSci" failures="0" tests="1" name="download_upload_images.CleanBase64Data" time="35.964" errors="0" timestamp="2024-02-10T20:48:34 EET" skipped="0">
  <testcase classname="download_upload_images.CleanBase64Data" name="CleanBase64DataTest" time="35.964"/>
  <system-out/>
</testsuite> <!-- download_upload_images.CleanBase64Data -->
