<?xml version="1.0" encoding="UTF-8"?>
<!-- Generated by org.testng.reporters.JUnitReportReporter -->
<testsuite hostname="MohamedSci" failures="0" tests="1" name="download_upload_images.FileManipulationSec" time="4.424" errors="0" timestamp="2024-02-14T09:53:55 EET" skipped="0">
  <testcase classname="download_upload_images.FileManipulationSec" name="FileManipulationSecTest" time="4.424"/>
  <system-out/>
</testsuite> <!-- download_upload_images.FileManipulationSec -->
