<?xml version="1.0" encoding="UTF-8"?>
<!-- Generated by org.testng.reporters.JUnitReportReporter -->
<testsuite hostname="MohamedSci" failures="0" tests="1" name="mostajaab_scrapping.MostajaabMainScrapperTestTest" time="15.183" errors="0" timestamp="2024-02-24T18:27:42 EET" skipped="0">
  <testcase classname="mostajaab_scrapping.MostajaabMainScrapperTestTest" name="getDoaaDataTest" time="15.183"/>
  <system-out/>
</testsuite> <!-- mostajaab_scrapping.MostajaabMainScrapperTestTest -->
