<?xml version="1.0" encoding="UTF-8"?>
<!-- Generated by org.testng.reporters.JUnitReportReporter -->
<testsuite hostname="MohamedSci" failures="0" tests="1" name="download_upload_images.FileManipulation" time="0.009" errors="0" timestamp="2024-02-14T09:51:15 EET" skipped="0">
  <testcase classname="download_upload_images.FileManipulation" name="FileManipulationTest" time="0.009"/>
  <system-out/>
</testsuite> <!-- download_upload_images.FileManipulation -->
