<?xml version="1.0" encoding="UTF-8"?>
<!-- Generated by org.testng.reporters.JUnitReportReporter -->
<testsuite hostname="MohamedSci" failures="0" tests="1" name="download_upload_images.Base64ImageConverter" time="25.161" errors="0" timestamp="2024-02-10T21:03:02 EET" skipped="0">
  <testcase classname="download_upload_images.Base64ImageConverter" name="Base64ImageConverterTest" time="25.161"/>
  <system-out/>
</testsuite> <!-- download_upload_images.Base64ImageConverter -->
