<?xml version="1.0" encoding="UTF-8"?>
<!-- Generated by org.testng.reporters.JUnitReportReporter -->
<testsuite hostname="MohamedSci" failures="0" tests="1" name="islam_can_stories_scrapping.IslamCanScrapperTestTest" time="1874.949" errors="0" timestamp="2024-03-19T01:08:23 EET" skipped="0">
  <testcase classname="islam_can_stories_scrapping.IslamCanScrapperTestTest" name="assignStoriesDataTOTextFile" time="1874.949"/>
  <system-out/>
</testsuite> <!-- islam_can_stories_scrapping.IslamCanScrapperTestTest -->
