<?xml version="1.0" encoding="UTF-8"?>
<!-- Generated by org.testng.reporters.JUnitReportReporter -->
<testsuite hostname="MohamedSci" failures="0" tests="1" name="download_upload_images.CSVFolderCreator" time="1417.834" errors="0" timestamp="2024-02-10T20:07:49 EET" skipped="0">
  <testcase classname="download_upload_images.CSVFolderCreator" name="main" time="1417.834"/>
  <system-out/>
</testsuite> <!-- download_upload_images.CSVFolderCreator -->
