<?xml version="1.0" encoding="UTF-8"?>
<!-- Generated by org.testng.reporters.JUnitReportReporter -->
<testsuite hostname="MohamedSci" failures="0" tests="1" name="retrieve_all_videos_under_a_youtube_playlist.PlaylistScraper_csv" time="9.340" errors="0" timestamp="2024-03-27T21:13:27 EET" skipped="0">
  <testcase classname="retrieve_all_videos_under_a_youtube_playlist.PlaylistScraper_csv" name="PlaylistScraperTest" time="9.340"/>
  <system-out/>
</testsuite> <!-- retrieve_all_videos_under_a_youtube_playlist.PlaylistScraper_csv -->
