<?xml version="1.0" encoding="UTF-8"?>
<!-- Generated by org.testng.reporters.JUnitReportReporter -->
<testsuite hostname="MohamedSci" failures="0" tests="1" name="Maodoaa_Scarpping.MaodoaScarpping" time="67.130" errors="0" timestamp="2024-03-28T01:47:51 EET" skipped="0">
  <testcase classname="Maodoaa_Scarpping.MaodoaScarpping" name="PlaylistScraperTest" time="67.130"/>
  <system-out/>
</testsuite> <!-- Maodoaa_Scarpping.MaodoaScarpping -->
