<?xml version="1.0" encoding="UTF-8"?>
<!-- Generated by org.testng.reporters.JUnitReportReporter -->
<testsuite hostname="MohamedSci" failures="0" tests="1" name="retrieve_all_videos_under_a_youtube_playlist.PlaylistScraper_csv" time="10.367" errors="0" timestamp="2024-03-28T14:42:30 EET" skipped="0">
  <testcase classname="retrieve_all_videos_under_a_youtube_playlist.PlaylistScraper_csv" name="PlaylistScraperTest" time="10.367"/>
  <system-out/>
</testsuite> <!-- retrieve_all_videos_under_a_youtube_playlist.PlaylistScraper_csv -->
