<?xml version="1.0" encoding="UTF-8"?>
<!-- Generated by org.testng.reporters.JUnitReportReporter -->
<testsuite hostname="MohamedSci" failures="0" tests="1" name="mostajaab_scrapping.MostajaabMainScrapperTestTest" time="2.714" errors="0" timestamp="2024-02-24T20:19:15 EET" skipped="0">
  <testcase classname="mostajaab_scrapping.MostajaabMainScrapperTestTest" name="getDoaaDataTest" time="2.714"/>
  <system-out/>
</testsuite> <!-- mostajaab_scrapping.MostajaabMainScrapperTestTest -->
